<?xml version="1.0" encoding="UTF-8"?>
<!-- Generated by org.testng.reporters.JUnitReportReporter -->
<testsuite skipped="0" hostname="imrans-MBP" name="test.PetSmokeTest" tests="4" failures="0" timestamp="2020-06-08T17:44:25 EEST" time="5.467" errors="0">
  <testcase name="AddPet" time="2.594" classname="test.PetSmokeTest"/>
  <testcase name="UpdatePet" time="1.030" classname="test.PetSmokeTest"/>
  <testcase name="GetPet" time="0.932" classname="test.PetSmokeTest"/>
  <testcase name="DeletePet" time="0.911" classname="test.PetSmokeTest"/>
</testsuite> <!-- test.PetSmokeTest -->
