<?xml version="1.0" encoding="UTF-8"?>
<!-- Generated by org.testng.reporters.JUnitReportReporter -->
<testsuite skipped="0" hostname="imrans-MBP" name="resources.Test2" tests="4" failures="0" timestamp="2020-06-08T16:40:07 EEST" time="5.652" errors="0">
  <testcase name="AddPet" time="2.612" classname="resources.Test2"/>
  <testcase name="UpdatePet" time="0.963" classname="resources.Test2"/>
  <testcase name="GetPet" time="1.083" classname="resources.Test2"/>
  <testcase name="DeletePet" time="0.994" classname="resources.Test2"/>
</testsuite> <!-- resources.Test2 -->
