<?xml version="1.0" encoding="UTF-8"?>
<!-- Generated by org.testng.reporters.JUnitReportReporter -->
<testsuite skipped="0" hostname="imrans-MBP" name="test.PetSmokeTest" tests="4" failures="0" timestamp="2020-06-08T18:07:06 EEST" time="5.212" errors="0">
  <testcase name="AddPet" time="2.446" classname="test.PetSmokeTest"/>
  <system-out/>
  <testcase name="UpdatePet" time="0.917" classname="test.PetSmokeTest"/>
  <system-out/>
  <testcase name="GetPet" time="0.944" classname="test.PetSmokeTest"/>
  <system-out/>
  <testcase name="DeletePet" time="0.905" classname="test.PetSmokeTest"/>
  <system-out/>
</testsuite> <!-- test.PetSmokeTest -->
